Using pre-set license
Built from '2021.3/staging' branch; Version is '2021.3.14f1 (eee1884e7226) revision 15655304'; Using compiler version '192829333'; Build Type 'Release'
OS: 'Windows 10  (10.0.19045) 64bit Core' Language: 'fr' Physical Memory: 16298 MB
BatchMode: 1, IsHumanControllingUs: 0, StartBugReporterOnCrash: 0, Is64bit: 1, IsPro: 1

COMMAND LINE ARGUMENTS:
C:\Program Files\Unity\Hub\Editor\2021.3.14f1\Editor\Unity.exe
-adb2
-batchMode
-noUpm
-name
AssetImportWorker0
-projectPath
D:/Documents/GitHub/ScoreJam2024/ScoreJam
-logFile
Logs/AssetImportWorker0.log
-srvPort
60404
Successfully changed project path to: D:/Documents/GitHub/ScoreJam2024/ScoreJam
D:/Documents/GitHub/ScoreJam2024/ScoreJam
[UnityMemory] Configuration Parameters - Can be set up in boot.config
    "memorysetup-bucket-allocator-granularity=16"
    "memorysetup-bucket-allocator-bucket-count=8"
    "memorysetup-bucket-allocator-block-size=33554432"
    "memorysetup-bucket-allocator-block-count=8"
    "memorysetup-main-allocator-block-size=16777216"
    "memorysetup-thread-allocator-block-size=16777216"
    "memorysetup-gfx-main-allocator-block-size=16777216"
    "memorysetup-gfx-thread-allocator-block-size=16777216"
    "memorysetup-cache-allocator-block-size=4194304"
    "memorysetup-typetree-allocator-block-size=2097152"
    "memorysetup-profiler-bucket-allocator-granularity=16"
    "memorysetup-profiler-bucket-allocator-bucket-count=8"
    "memorysetup-profiler-bucket-allocator-block-size=33554432"
    "memorysetup-profiler-bucket-allocator-block-count=8"
    "memorysetup-profiler-allocator-block-size=16777216"
    "memorysetup-profiler-editor-allocator-block-size=1048576"
    "memorysetup-temp-allocator-size-main=16777216"
    "memorysetup-job-temp-allocator-block-size=2097152"
    "memorysetup-job-temp-allocator-block-size-background=1048576"
    "memorysetup-job-temp-allocator-reduction-small-platforms=262144"
    "memorysetup-temp-allocator-size-background-worker=32768"
    "memorysetup-temp-allocator-size-job-worker=262144"
    "memorysetup-temp-allocator-size-preload-manager=33554432"
    "memorysetup-temp-allocator-size-nav-mesh-worker=65536"
    "memorysetup-temp-allocator-size-audio-worker=65536"
    "memorysetup-temp-allocator-size-cloud-worker=32768"
    "memorysetup-temp-allocator-size-gi-baking-worker=262144"
    "memorysetup-temp-allocator-size-gfx=262144"
Refreshing native plugins compatible for Editor in 69.33 ms, found 2 plugins.
Preloading 0 native plugins for Editor in 0.00 ms.
Initialize engine version: 2021.3.14f1 (eee1884e7226)
[Subsystems] Discovering subsystems at path C:/Program Files/Unity/Hub/Editor/2021.3.14f1/Editor/Data/Resources/UnitySubsystems
[Subsystems] Discovering subsystems at path D:/Documents/GitHub/ScoreJam2024/ScoreJam/Assets
GfxDevice: creating device client; threaded=0; jobified=0
Direct3D:
    Version:  Direct3D 11.0 [level 11.1]
    Renderer: Radeon RX 570 Series (ID=0x67df)
    Vendor:   ATI
    VRAM:     8170 MB
    Driver:   31.0.12027.9001
Initialize mono
Mono path[0] = 'C:/Program Files/Unity/Hub/Editor/2021.3.14f1/Editor/Data/Managed'
Mono path[1] = 'C:/Program Files/Unity/Hub/Editor/2021.3.14f1/Editor/Data/MonoBleedingEdge/lib/mono/unityjit-win32'
Mono config path = 'C:/Program Files/Unity/Hub/Editor/2021.3.14f1/Editor/Data/MonoBleedingEdge/etc'
Using monoOptions --debugger-agent=transport=dt_socket,embedding=1,server=y,suspend=n,address=127.0.0.1:56892
Begin MonoManager ReloadAssembly
Registering precompiled unity dll's ...
Register platform support module: C:/Program Files/Unity/Hub/Editor/2021.3.14f1/Editor/Data/PlaybackEngines/WebGLSupport/UnityEditor.WebGL.Extensions.dll
Register platform support module: C:/Program Files/Unity/Hub/Editor/2021.3.14f1/Editor/Data/PlaybackEngines/AndroidPlayer/UnityEditor.Android.Extensions.dll
Register platform support module: C:/Program Files/Unity/Hub/Editor/2021.3.14f1/Editor/Data/PlaybackEngines/WindowsStandaloneSupport/UnityEditor.WindowsStandalone.Extensions.dll
Register platform support module: C:/Program Files/Unity/Hub/Editor/2021.3.14f1/Editor/Data/PlaybackEngines/MetroSupport/UnityEditor.UWP.Extensions.dll
Registered in 0.016350 seconds.
Native extension for UWP target not found
Native extension for WindowsStandalone target not found
Native extension for Android target not found
Native extension for WebGL target not found
Refreshing native plugins compatible for Editor in 67.23 ms, found 2 plugins.
Preloading 0 native plugins for Editor in 0.00 ms.
Mono: successfully reloaded assembly
- Completed reload, in  0.738 seconds
Domain Reload Profiling:
	ReloadAssembly (739ms)
		BeginReloadAssembly (101ms)
			ExecutionOrderSort (0ms)
			DisableScriptedObjects (0ms)
			BackupInstance (0ms)
			ReleaseScriptingObjects (0ms)
			CreateAndSetChildDomain (1ms)
		EndReloadAssembly (500ms)
			LoadAssemblies (99ms)
			RebuildTransferFunctionScriptingTraits (0ms)
			SetupTypeCache (117ms)
			ReleaseScriptCaches (0ms)
			RebuildScriptCaches (30ms)
			SetupLoadedEditorAssemblies (294ms)
				LogAssemblyErrors (0ms)
				InitializePlatformSupportModulesInManaged (71ms)
				SetLoadedEditorAssemblies (0ms)
				RefreshPlugins (67ms)
				BeforeProcessingInitializeOnLoad (1ms)
				ProcessInitializeOnLoadAttributes (103ms)
				ProcessInitializeOnLoadMethodAttributes (51ms)
				AfterProcessingInitializeOnLoad (0ms)
				EditorAssembliesLoaded (0ms)
			ExecutionOrderSort2 (0ms)
			AwakeInstancesAfterBackupRestoration (0ms)
Platform modules already initialized, skipping
Registering precompiled user dll's ...
Registered in 0.007967 seconds.
Begin MonoManager ReloadAssembly
Native extension for UWP target not found
Native extension for WindowsStandalone target not found
Native extension for Android target not found
Native extension for WebGL target not found
Refreshing native plugins compatible for Editor in 65.44 ms, found 2 plugins.
Preloading 0 native plugins for Editor in 0.00 ms.
Mono: successfully reloaded assembly
- Completed reload, in  1.491 seconds
Domain Reload Profiling:
	ReloadAssembly (1492ms)
		BeginReloadAssembly (243ms)
			ExecutionOrderSort (0ms)
			DisableScriptedObjects (7ms)
			BackupInstance (0ms)
			ReleaseScriptingObjects (0ms)
			CreateAndSetChildDomain (132ms)
		EndReloadAssembly (1119ms)
			LoadAssemblies (102ms)
			RebuildTransferFunctionScriptingTraits (0ms)
			SetupTypeCache (290ms)
			ReleaseScriptCaches (1ms)
			RebuildScriptCaches (87ms)
			SetupLoadedEditorAssemblies (606ms)
				LogAssemblyErrors (0ms)
				InitializePlatformSupportModulesInManaged (20ms)
				SetLoadedEditorAssemblies (0ms)
				RefreshPlugins (66ms)
				BeforeProcessingInitializeOnLoad (105ms)
				ProcessInitializeOnLoadAttributes (300ms)
				ProcessInitializeOnLoadMethodAttributes (102ms)
				AfterProcessingInitializeOnLoad (14ms)
				EditorAssembliesLoaded (0ms)
			ExecutionOrderSort2 (0ms)
			AwakeInstancesAfterBackupRestoration (6ms)
Platform modules already initialized, skipping
========================================================================
Worker process is ready to serve import requests
Launched and connected shader compiler UnityShaderCompiler.exe after 0.09 seconds
Refreshing native plugins compatible for Editor in 0.70 ms, found 2 plugins.
Preloading 0 native plugins for Editor in 0.00 ms.
Unloading 4252 Unused Serialized files (Serialized files now loaded: 0)
Unloading 45 unused Assets / (11.6 MB). Loaded Objects now: 4715.
Memory consumption went from 200.0 MB to 188.4 MB.
Total: 4.176200 ms (FindLiveObjects: 0.337400 ms CreateObjectMapping: 0.251200 ms MarkObjects: 3.054600 ms  DeleteObjects: 0.532000 ms)

AssetImportParameters requested are different than current active one (requested -> active):
  custom:video-decoder-ogg-theora: a1e56fd34408186e4bbccfd4996cb3dc -> 
  custom:container-muxer-webm: aa71ff27fc2769a1b78a27578f13a17b -> 
  custom:container-demuxer-webm: 4f35f7cbe854078d1ac9338744f61a02 -> 
  custom:video-encoder-webm-vp8: eb34c28f22e8b96e1ab97ce403110664 -> 
  custom:audio-encoder-webm-vorbis: bf7c407c2cedff20999df2af8eb42d56 -> 
  custom:framework-win-MediaFoundation: 216162199b28c13a410421893ffa2e32 -> 
  custom:container-demuxer-ogg: 62fdf1f143b41e24485cea50d1cbac27 -> 
  custom:video-decoder-webm-vp8: 9c59270c3fd7afecdb556c50c9e8de78 -> 
  custom:audio-decoder-ogg-vorbis: bf7c407c2cedff20999df2af8eb42d56 -> 
========================================================================
Received Import Request.
  Time since last request: 877842.240720 seconds.
  path: Assets/3D/Prefab/ScenePrefab.prefab
  artifactKey: Guid(cc32f76d4764dd54f98b25813bb8f86c) Importer(815301076,1909f56bfc062723c751e8b465ee728b)
Start importing Assets/3D/Prefab/ScenePrefab.prefab using Guid(cc32f76d4764dd54f98b25813bb8f86c) Importer(815301076,1909f56bfc062723c751e8b465ee728b)  -> (artifact id: '3a2369bd95886afa5160c2fcc0a79984') in 0.532917 seconds 
========================================================================
Received Import Request.
  Time since last request: 0.000029 seconds.
  path: Assets/3D/Prefab/PlayerManager.prefab
  artifactKey: Guid(0c894a73200d55b4a901758bf101416d) Importer(815301076,1909f56bfc062723c751e8b465ee728b)
Start importing Assets/3D/Prefab/PlayerManager.prefab using Guid(0c894a73200d55b4a901758bf101416d) Importer(815301076,1909f56bfc062723c751e8b465ee728b)  -> (artifact id: '1300b13fdc8fde04e6500baa793f7503') in 0.064378 seconds 
========================================================================
Received Import Request.
  Time since last request: 0.000031 seconds.
  path: Assets/3D/Prefab/Level Design.prefab
  artifactKey: Guid(02fb8b26bfcbe9847a9b3e9182e5deb2) Importer(815301076,1909f56bfc062723c751e8b465ee728b)
Start importing Assets/3D/Prefab/Level Design.prefab using Guid(02fb8b26bfcbe9847a9b3e9182e5deb2) Importer(815301076,1909f56bfc062723c751e8b465ee728b)  -> (artifact id: '136f549611bad285421279b2012d125c') in 0.132047 seconds 
========================================================================
Received Import Request.
  Time since last request: 0.000024 seconds.
  path: Assets/3D/Prefab/Poubelle.prefab
  artifactKey: Guid(9e04c561333236343ba8488bdd54912a) Importer(815301076,1909f56bfc062723c751e8b465ee728b)
Start importing Assets/3D/Prefab/Poubelle.prefab using Guid(9e04c561333236343ba8488bdd54912a) Importer(815301076,1909f56bfc062723c751e8b465ee728b)  -> (artifact id: 'deb69d27087c2d3d09a01a93739582de') in 0.076079 seconds 
========================================================================
Received Import Request.
  Time since last request: 4.860615 seconds.
  path: Assets/3D/Prefab/Level Design.prefab
  artifactKey: Guid(02fb8b26bfcbe9847a9b3e9182e5deb2) Importer(815301076,1909f56bfc062723c751e8b465ee728b)
Start importing Assets/3D/Prefab/Level Design.prefab using Guid(02fb8b26bfcbe9847a9b3e9182e5deb2) Importer(815301076,1909f56bfc062723c751e8b465ee728b)  -> (artifact id: 'f62dc30786e4a515e62bc235e70b2091') in 0.131134 seconds 
========================================================================
Received Import Request.
  Time since last request: 0.000025 seconds.
  path: Assets/3D/Prefab/Score.prefab
  artifactKey: Guid(0dea507c572111d44817c0a103a16658) Importer(815301076,1909f56bfc062723c751e8b465ee728b)
Start importing Assets/3D/Prefab/Score.prefab using Guid(0dea507c572111d44817c0a103a16658) Importer(815301076,1909f56bfc062723c751e8b465ee728b)  -> (artifact id: '8d6573abaa7ee2641f7276c3d7b9e474') in 0.027249 seconds 
========================================================================
Received Import Request.
  Time since last request: 0.000031 seconds.
  path: Assets/3D/Prefab/ScenePrefab.prefab
  artifactKey: Guid(cc32f76d4764dd54f98b25813bb8f86c) Importer(815301076,1909f56bfc062723c751e8b465ee728b)
Start importing Assets/3D/Prefab/ScenePrefab.prefab using Guid(cc32f76d4764dd54f98b25813bb8f86c) Importer(815301076,1909f56bfc062723c751e8b465ee728b)  -> (artifact id: '97d5d46eafb0ae5463098efe02c704d7') in 0.163325 seconds 
========================================================================
Received Import Request.
  Time since last request: 0.000027 seconds.
  path: Assets/3D/Prefab/PlayerManager.prefab
  artifactKey: Guid(0c894a73200d55b4a901758bf101416d) Importer(815301076,1909f56bfc062723c751e8b465ee728b)
Start importing Assets/3D/Prefab/PlayerManager.prefab using Guid(0c894a73200d55b4a901758bf101416d) Importer(815301076,1909f56bfc062723c751e8b465ee728b)  -> (artifact id: '7c7c6e980f0a3ba7bbca549c03bbdbf7') in 0.064242 seconds 
========================================================================
Received Import Request.
  Time since last request: 0.000026 seconds.
  path: Assets/3D/Prefab/Poubelle.prefab
  artifactKey: Guid(9e04c561333236343ba8488bdd54912a) Importer(815301076,1909f56bfc062723c751e8b465ee728b)
Start importing Assets/3D/Prefab/Poubelle.prefab using Guid(9e04c561333236343ba8488bdd54912a) Importer(815301076,1909f56bfc062723c751e8b465ee728b)  -> (artifact id: '712a2ee0ebcd380cb24f7282391ef8d1') in 0.071590 seconds 
========================================================================
Received Import Request.
  Time since last request: 0.000038 seconds.
  path: Assets/3D/Prefab/UI.prefab
  artifactKey: Guid(07530c1ac6f7ab54aa55a8d00a7ef074) Importer(815301076,1909f56bfc062723c751e8b465ee728b)
Start importing Assets/3D/Prefab/UI.prefab using Guid(07530c1ac6f7ab54aa55a8d00a7ef074) Importer(815301076,1909f56bfc062723c751e8b465ee728b)  -> (artifact id: 'c4139aa9cb41e9350af198a0132c0ba4') in 0.028865 seconds 
========================================================================
Received Import Request.
  Time since last request: 3.006948 seconds.
  path: Assets/3D/Prefab/Level Design.prefab
  artifactKey: Guid(02fb8b26bfcbe9847a9b3e9182e5deb2) Importer(815301076,1909f56bfc062723c751e8b465ee728b)
Start importing Assets/3D/Prefab/Level Design.prefab using Guid(02fb8b26bfcbe9847a9b3e9182e5deb2) Importer(815301076,1909f56bfc062723c751e8b465ee728b)  -> (artifact id: 'e8457f0d8033339e0a790ddfb21e415e') in 0.134695 seconds 
========================================================================
Received Import Request.
  Time since last request: 0.000033 seconds.
  path: Assets/3D/Prefab/Score.prefab
  artifactKey: Guid(0dea507c572111d44817c0a103a16658) Importer(815301076,1909f56bfc062723c751e8b465ee728b)
Start importing Assets/3D/Prefab/Score.prefab using Guid(0dea507c572111d44817c0a103a16658) Importer(815301076,1909f56bfc062723c751e8b465ee728b)  -> (artifact id: '23e958f6fd4a628187621fc89dfc4513') in 0.029620 seconds 
========================================================================
Received Import Request.
  Time since last request: 0.000033 seconds.
  path: Assets/3D/Prefab/ScenePrefab.prefab
  artifactKey: Guid(cc32f76d4764dd54f98b25813bb8f86c) Importer(815301076,1909f56bfc062723c751e8b465ee728b)
Start importing Assets/3D/Prefab/ScenePrefab.prefab using Guid(cc32f76d4764dd54f98b25813bb8f86c) Importer(815301076,1909f56bfc062723c751e8b465ee728b)  -> (artifact id: 'f34c965f08d098514daae0831dabcf3d') in 0.153709 seconds 
========================================================================
Received Import Request.
  Time since last request: 0.000023 seconds.
  path: Assets/3D/Prefab/PlayerManager.prefab
  artifactKey: Guid(0c894a73200d55b4a901758bf101416d) Importer(815301076,1909f56bfc062723c751e8b465ee728b)
Start importing Assets/3D/Prefab/PlayerManager.prefab using Guid(0c894a73200d55b4a901758bf101416d) Importer(815301076,1909f56bfc062723c751e8b465ee728b)  -> (artifact id: 'a6cf463b7cba996789c1e732cd2a0ac1') in 0.061804 seconds 
========================================================================
Received Import Request.
  Time since last request: 0.000024 seconds.
  path: Assets/3D/Prefab/Poubelle.prefab
  artifactKey: Guid(9e04c561333236343ba8488bdd54912a) Importer(815301076,1909f56bfc062723c751e8b465ee728b)
Start importing Assets/3D/Prefab/Poubelle.prefab using Guid(9e04c561333236343ba8488bdd54912a) Importer(815301076,1909f56bfc062723c751e8b465ee728b)  -> (artifact id: 'c394c88a5e299f3cd44945f42c56f301') in 0.072808 seconds 
========================================================================
Received Import Request.
  Time since last request: 0.000032 seconds.
  path: Assets/3D/Prefab/UI.prefab
  artifactKey: Guid(07530c1ac6f7ab54aa55a8d00a7ef074) Importer(815301076,1909f56bfc062723c751e8b465ee728b)
Start importing Assets/3D/Prefab/UI.prefab using Guid(07530c1ac6f7ab54aa55a8d00a7ef074) Importer(815301076,1909f56bfc062723c751e8b465ee728b)  -> (artifact id: '2108ddcdc2b32c715a5d88f5e1b5828e') in 0.029301 seconds 
========================================================================
Received Import Request.
  Time since last request: 1.696015 seconds.
  path: Assets/3D/Prefab/Level Design.prefab
  artifactKey: Guid(02fb8b26bfcbe9847a9b3e9182e5deb2) Importer(815301076,1909f56bfc062723c751e8b465ee728b)
Start importing Assets/3D/Prefab/Level Design.prefab using Guid(02fb8b26bfcbe9847a9b3e9182e5deb2) Importer(815301076,1909f56bfc062723c751e8b465ee728b)  -> (artifact id: '37b1b216728609761d54eaf10f1dd67f') in 0.145279 seconds 
========================================================================
Received Import Request.
  Time since last request: 0.000027 seconds.
  path: Assets/3D/Prefab/Score.prefab
  artifactKey: Guid(0dea507c572111d44817c0a103a16658) Importer(815301076,1909f56bfc062723c751e8b465ee728b)
Start importing Assets/3D/Prefab/Score.prefab using Guid(0dea507c572111d44817c0a103a16658) Importer(815301076,1909f56bfc062723c751e8b465ee728b)  -> (artifact id: 'b24b8712e1b9e95d57fe5e3d62f2bf52') in 0.027879 seconds 
========================================================================
Received Import Request.
  Time since last request: 0.000033 seconds.
  path: Assets/3D/Prefab/ScenePrefab.prefab
  artifactKey: Guid(cc32f76d4764dd54f98b25813bb8f86c) Importer(815301076,1909f56bfc062723c751e8b465ee728b)
Start importing Assets/3D/Prefab/ScenePrefab.prefab using Guid(cc32f76d4764dd54f98b25813bb8f86c) Importer(815301076,1909f56bfc062723c751e8b465ee728b)  -> (artifact id: 'c48f9d07eed3091ffebfb325cae40fb6') in 0.150352 seconds 
========================================================================
Received Import Request.
  Time since last request: 0.000024 seconds.
  path: Assets/3D/Prefab/PlayerManager.prefab
  artifactKey: Guid(0c894a73200d55b4a901758bf101416d) Importer(815301076,1909f56bfc062723c751e8b465ee728b)
Start importing Assets/3D/Prefab/PlayerManager.prefab using Guid(0c894a73200d55b4a901758bf101416d) Importer(815301076,1909f56bfc062723c751e8b465ee728b)  -> (artifact id: 'a88c83e858eb2fab835381884d84347c') in 0.060397 seconds 
========================================================================
Received Import Request.
  Time since last request: 0.000025 seconds.
  path: Assets/3D/Prefab/Poubelle.prefab
  artifactKey: Guid(9e04c561333236343ba8488bdd54912a) Importer(815301076,1909f56bfc062723c751e8b465ee728b)
Start importing Assets/3D/Prefab/Poubelle.prefab using Guid(9e04c561333236343ba8488bdd54912a) Importer(815301076,1909f56bfc062723c751e8b465ee728b)  -> (artifact id: '54b075bb7deeedcac0f3e96227f6f1c6') in 0.071670 seconds 
========================================================================
Received Import Request.
  Time since last request: 0.000031 seconds.
  path: Assets/3D/Prefab/UI.prefab
  artifactKey: Guid(07530c1ac6f7ab54aa55a8d00a7ef074) Importer(815301076,1909f56bfc062723c751e8b465ee728b)
Start importing Assets/3D/Prefab/UI.prefab using Guid(07530c1ac6f7ab54aa55a8d00a7ef074) Importer(815301076,1909f56bfc062723c751e8b465ee728b)  -> (artifact id: '7a6abfbc727d6a25d4bfaaa6a198f457') in 0.029426 seconds 
========================================================================
Received Import Request.
  Time since last request: 4.552380 seconds.
  path: Assets/3D/Prefab/Level Design.prefab
  artifactKey: Guid(02fb8b26bfcbe9847a9b3e9182e5deb2) Importer(815301076,1909f56bfc062723c751e8b465ee728b)
Start importing Assets/3D/Prefab/Level Design.prefab using Guid(02fb8b26bfcbe9847a9b3e9182e5deb2) Importer(815301076,1909f56bfc062723c751e8b465ee728b)  -> (artifact id: '9830d91b29db9af4119ef20054294090') in 0.126963 seconds 
========================================================================
Received Import Request.
  Time since last request: 0.000026 seconds.
  path: Assets/3D/Prefab/Score.prefab
  artifactKey: Guid(0dea507c572111d44817c0a103a16658) Importer(815301076,1909f56bfc062723c751e8b465ee728b)
Start importing Assets/3D/Prefab/Score.prefab using Guid(0dea507c572111d44817c0a103a16658) Importer(815301076,1909f56bfc062723c751e8b465ee728b)  -> (artifact id: '7719207e953f44ecc35a6aecb450aeee') in 0.028267 seconds 
========================================================================
Received Import Request.
  Time since last request: 0.000027 seconds.
  path: Assets/3D/Prefab/ScenePrefab.prefab
  artifactKey: Guid(cc32f76d4764dd54f98b25813bb8f86c) Importer(815301076,1909f56bfc062723c751e8b465ee728b)
Start importing Assets/3D/Prefab/ScenePrefab.prefab using Guid(cc32f76d4764dd54f98b25813bb8f86c) Importer(815301076,1909f56bfc062723c751e8b465ee728b)  -> (artifact id: '8b1831060c849239a209d20f1478cb04') in 0.151849 seconds 
========================================================================
Received Import Request.
  Time since last request: 0.000025 seconds.
  path: Assets/3D/Prefab/PlayerManager.prefab
  artifactKey: Guid(0c894a73200d55b4a901758bf101416d) Importer(815301076,1909f56bfc062723c751e8b465ee728b)
Start importing Assets/3D/Prefab/PlayerManager.prefab using Guid(0c894a73200d55b4a901758bf101416d) Importer(815301076,1909f56bfc062723c751e8b465ee728b)  -> (artifact id: '3390b4f5e44908a2ec1b62b994f9554f') in 0.063310 seconds 
========================================================================
Received Import Request.
  Time since last request: 0.000067 seconds.
  path: Assets/3D/Prefab/Poubelle.prefab
  artifactKey: Guid(9e04c561333236343ba8488bdd54912a) Importer(815301076,1909f56bfc062723c751e8b465ee728b)
Start importing Assets/3D/Prefab/Poubelle.prefab using Guid(9e04c561333236343ba8488bdd54912a) Importer(815301076,1909f56bfc062723c751e8b465ee728b)  -> (artifact id: '5c4d88eccd68c839ad3d5071a09e51b7') in 0.070636 seconds 
========================================================================
Received Import Request.
  Time since last request: 0.000029 seconds.
  path: Assets/3D/Prefab/UI.prefab
  artifactKey: Guid(07530c1ac6f7ab54aa55a8d00a7ef074) Importer(815301076,1909f56bfc062723c751e8b465ee728b)
Start importing Assets/3D/Prefab/UI.prefab using Guid(07530c1ac6f7ab54aa55a8d00a7ef074) Importer(815301076,1909f56bfc062723c751e8b465ee728b)  -> (artifact id: '9dfd21bcf24f8b072b6383e99d0ada7b') in 0.031181 seconds 
========================================================================
Received Import Request.
  Time since last request: 2.316426 seconds.
  path: Assets/3D/Prefab/Level Design.prefab
  artifactKey: Guid(02fb8b26bfcbe9847a9b3e9182e5deb2) Importer(815301076,1909f56bfc062723c751e8b465ee728b)
Start importing Assets/3D/Prefab/Level Design.prefab using Guid(02fb8b26bfcbe9847a9b3e9182e5deb2) Importer(815301076,1909f56bfc062723c751e8b465ee728b)  -> (artifact id: '08e35615cb6914e4f34103ab55192951') in 0.133713 seconds 
========================================================================
Received Import Request.
  Time since last request: 0.000033 seconds.
  path: Assets/3D/Prefab/Score.prefab
  artifactKey: Guid(0dea507c572111d44817c0a103a16658) Importer(815301076,1909f56bfc062723c751e8b465ee728b)
Start importing Assets/3D/Prefab/Score.prefab using Guid(0dea507c572111d44817c0a103a16658) Importer(815301076,1909f56bfc062723c751e8b465ee728b)  -> (artifact id: '56d9e2cbd0ede5e950c3cfa5e0f6d64a') in 0.027393 seconds 
========================================================================
Received Import Request.
  Time since last request: 0.000031 seconds.
  path: Assets/3D/Prefab/ScenePrefab.prefab
  artifactKey: Guid(cc32f76d4764dd54f98b25813bb8f86c) Importer(815301076,1909f56bfc062723c751e8b465ee728b)
Start importing Assets/3D/Prefab/ScenePrefab.prefab using Guid(cc32f76d4764dd54f98b25813bb8f86c) Importer(815301076,1909f56bfc062723c751e8b465ee728b)  -> (artifact id: '418e892e7240a9b6334df209ab60c922') in 0.147261 seconds 
========================================================================
Received Import Request.
  Time since last request: 0.000024 seconds.
  path: Assets/3D/Prefab/PlayerManager.prefab
  artifactKey: Guid(0c894a73200d55b4a901758bf101416d) Importer(815301076,1909f56bfc062723c751e8b465ee728b)
Start importing Assets/3D/Prefab/PlayerManager.prefab using Guid(0c894a73200d55b4a901758bf101416d) Importer(815301076,1909f56bfc062723c751e8b465ee728b)  -> (artifact id: 'fdb3cca7f6626b52816ab240f20b2400') in 0.061933 seconds 
========================================================================
Received Import Request.
  Time since last request: 0.000021 seconds.
  path: Assets/3D/Prefab/Poubelle.prefab
  artifactKey: Guid(9e04c561333236343ba8488bdd54912a) Importer(815301076,1909f56bfc062723c751e8b465ee728b)
Start importing Assets/3D/Prefab/Poubelle.prefab using Guid(9e04c561333236343ba8488bdd54912a) Importer(815301076,1909f56bfc062723c751e8b465ee728b)  -> (artifact id: '4936f953c96cea8fbffe505d219fc8ac') in 0.071808 seconds 
========================================================================
Received Import Request.
  Time since last request: 0.000032 seconds.
  path: Assets/3D/Prefab/UI.prefab
  artifactKey: Guid(07530c1ac6f7ab54aa55a8d00a7ef074) Importer(815301076,1909f56bfc062723c751e8b465ee728b)
Start importing Assets/3D/Prefab/UI.prefab using Guid(07530c1ac6f7ab54aa55a8d00a7ef074) Importer(815301076,1909f56bfc062723c751e8b465ee728b)  -> (artifact id: '3c2d32063e835f6a18ca7d7f3dd79beb') in 0.029222 seconds 
========================================================================
Received Import Request.
  Time since last request: 2.917508 seconds.
  path: Assets/3D/Prefab/Level Design.prefab
  artifactKey: Guid(02fb8b26bfcbe9847a9b3e9182e5deb2) Importer(815301076,1909f56bfc062723c751e8b465ee728b)
Start importing Assets/3D/Prefab/Level Design.prefab using Guid(02fb8b26bfcbe9847a9b3e9182e5deb2) Importer(815301076,1909f56bfc062723c751e8b465ee728b)  -> (artifact id: 'b381fbbfb52fba0758e494a81b7664ae') in 0.125894 seconds 
========================================================================
Received Import Request.
  Time since last request: 0.000027 seconds.
  path: Assets/3D/Prefab/Score.prefab
  artifactKey: Guid(0dea507c572111d44817c0a103a16658) Importer(815301076,1909f56bfc062723c751e8b465ee728b)
Start importing Assets/3D/Prefab/Score.prefab using Guid(0dea507c572111d44817c0a103a16658) Importer(815301076,1909f56bfc062723c751e8b465ee728b)  -> (artifact id: '6a20c2d7f37422b9bd92eb36b89e6a43') in 0.028325 seconds 
========================================================================
Received Import Request.
  Time since last request: 0.000031 seconds.
  path: Assets/3D/Prefab/ScenePrefab.prefab
  artifactKey: Guid(cc32f76d4764dd54f98b25813bb8f86c) Importer(815301076,1909f56bfc062723c751e8b465ee728b)
Start importing Assets/3D/Prefab/ScenePrefab.prefab using Guid(cc32f76d4764dd54f98b25813bb8f86c) Importer(815301076,1909f56bfc062723c751e8b465ee728b)  -> (artifact id: '64666cfd9b7c281da59365a89fd9e872') in 0.152224 seconds 
========================================================================
Received Import Request.
  Time since last request: 0.000023 seconds.
  path: Assets/3D/Prefab/PlayerManager.prefab
  artifactKey: Guid(0c894a73200d55b4a901758bf101416d) Importer(815301076,1909f56bfc062723c751e8b465ee728b)
Start importing Assets/3D/Prefab/PlayerManager.prefab using Guid(0c894a73200d55b4a901758bf101416d) Importer(815301076,1909f56bfc062723c751e8b465ee728b)  -> (artifact id: '252a286ffe3773fb4c09505fb2466960') in 0.062289 seconds 
========================================================================
Received Import Request.
  Time since last request: 0.000024 seconds.
  path: Assets/3D/Prefab/Poubelle.prefab
  artifactKey: Guid(9e04c561333236343ba8488bdd54912a) Importer(815301076,1909f56bfc062723c751e8b465ee728b)
Start importing Assets/3D/Prefab/Poubelle.prefab using Guid(9e04c561333236343ba8488bdd54912a) Importer(815301076,1909f56bfc062723c751e8b465ee728b)  -> (artifact id: '90914232e467f72dec4668745c3c0fc9') in 0.071227 seconds 
========================================================================
Received Import Request.
  Time since last request: 0.000037 seconds.
  path: Assets/3D/Prefab/UI.prefab
  artifactKey: Guid(07530c1ac6f7ab54aa55a8d00a7ef074) Importer(815301076,1909f56bfc062723c751e8b465ee728b)
Start importing Assets/3D/Prefab/UI.prefab using Guid(07530c1ac6f7ab54aa55a8d00a7ef074) Importer(815301076,1909f56bfc062723c751e8b465ee728b)  -> (artifact id: '7652d17f01696289abb5191301a67a92') in 0.029163 seconds 
========================================================================
Received Prepare
Registering precompiled user dll's ...
Registered in 0.006228 seconds.
Begin MonoManager ReloadAssembly
Native extension for UWP target not found
Native extension for WindowsStandalone target not found
Native extension for Android target not found
Native extension for WebGL target not found
Refreshing native plugins compatible for Editor in 0.95 ms, found 2 plugins.
Preloading 0 native plugins for Editor in 0.00 ms.
Mono: successfully reloaded assembly
- Completed reload, in  1.482 seconds
Domain Reload Profiling:
	ReloadAssembly (1482ms)
		BeginReloadAssembly (177ms)
			ExecutionOrderSort (0ms)
			DisableScriptedObjects (9ms)
			BackupInstance (0ms)
			ReleaseScriptingObjects (0ms)
			CreateAndSetChildDomain (42ms)
		EndReloadAssembly (1190ms)
			LoadAssemblies (102ms)
			RebuildTransferFunctionScriptingTraits (0ms)
			SetupTypeCache (282ms)
			ReleaseScriptCaches (2ms)
			RebuildScriptCaches (90ms)
			SetupLoadedEditorAssemblies (608ms)
				LogAssemblyErrors (0ms)
				InitializePlatformSupportModulesInManaged (37ms)
				SetLoadedEditorAssemblies (1ms)
				RefreshPlugins (1ms)
				BeforeProcessingInitializeOnLoad (104ms)
				ProcessInitializeOnLoadAttributes (340ms)
				ProcessInitializeOnLoadMethodAttributes (108ms)
				AfterProcessingInitializeOnLoad (17ms)
				EditorAssembliesLoaded (0ms)
			ExecutionOrderSort2 (0ms)
			AwakeInstancesAfterBackupRestoration (17ms)
Platform modules already initialized, skipping
Refreshing native plugins compatible for Editor in 1.98 ms, found 2 plugins.
Preloading 0 native plugins for Editor in 0.00 ms.
Unloading 4099 Unused Serialized files (Serialized files now loaded: 0)
Unloading 29 unused Assets / (11.6 MB). Loaded Objects now: 4788.
Memory consumption went from 210.3 MB to 198.6 MB.
Total: 4.584400 ms (FindLiveObjects: 0.328300 ms CreateObjectMapping: 0.686200 ms MarkObjects: 2.987800 ms  DeleteObjects: 0.581100 ms)

AssetImportParameters requested are different than current active one (requested -> active):
  custom:video-decoder-ogg-theora: a1e56fd34408186e4bbccfd4996cb3dc -> 
  custom:container-muxer-webm: aa71ff27fc2769a1b78a27578f13a17b -> 
  custom:container-demuxer-webm: 4f35f7cbe854078d1ac9338744f61a02 -> 
  custom:video-encoder-webm-vp8: eb34c28f22e8b96e1ab97ce403110664 -> 
  custom:audio-encoder-webm-vorbis: bf7c407c2cedff20999df2af8eb42d56 -> 
  custom:framework-win-MediaFoundation: 216162199b28c13a410421893ffa2e32 -> 
  custom:container-demuxer-ogg: 62fdf1f143b41e24485cea50d1cbac27 -> 
  custom:video-decoder-webm-vp8: 9c59270c3fd7afecdb556c50c9e8de78 -> 
  custom:audio-decoder-ogg-vorbis: bf7c407c2cedff20999df2af8eb42d56 -> 
========================================================================
Received Import Request.
  Time since last request: 46.103548 seconds.
  path: Assets/3D/Prefab/Level Design.prefab
  artifactKey: Guid(02fb8b26bfcbe9847a9b3e9182e5deb2) Importer(815301076,1909f56bfc062723c751e8b465ee728b)
Start importing Assets/3D/Prefab/Level Design.prefab using Guid(02fb8b26bfcbe9847a9b3e9182e5deb2) Importer(815301076,1909f56bfc062723c751e8b465ee728b)  -> (artifact id: '5a0a91b678f6fbc9b9a2f46a4f5489dd') in 0.423662 seconds 
========================================================================
Received Import Request.
  Time since last request: 0.000037 seconds.
  path: Assets/3D/Prefab/ScenePrefab.prefab
  artifactKey: Guid(cc32f76d4764dd54f98b25813bb8f86c) Importer(815301076,1909f56bfc062723c751e8b465ee728b)
Start importing Assets/3D/Prefab/ScenePrefab.prefab using Guid(cc32f76d4764dd54f98b25813bb8f86c) Importer(815301076,1909f56bfc062723c751e8b465ee728b)  -> (artifact id: 'c62bfbf47b7b0a56c2b969423630d4a5') in 0.179338 seconds 
========================================================================
Received Import Request.
  Time since last request: 0.000041 seconds.
  path: Assets/3D/Prefab/PlayerManager.prefab
  artifactKey: Guid(0c894a73200d55b4a901758bf101416d) Importer(815301076,1909f56bfc062723c751e8b465ee728b)
Start importing Assets/3D/Prefab/PlayerManager.prefab using Guid(0c894a73200d55b4a901758bf101416d) Importer(815301076,1909f56bfc062723c751e8b465ee728b)  -> (artifact id: 'a4bc3a6625fd3d6fa61157dd8fa8c668') in 0.073609 seconds 
========================================================================
Received Import Request.
  Time since last request: 0.000028 seconds.
  path: Assets/3D/Prefab/Poubelle.prefab
  artifactKey: Guid(9e04c561333236343ba8488bdd54912a) Importer(815301076,1909f56bfc062723c751e8b465ee728b)
Start importing Assets/3D/Prefab/Poubelle.prefab using Guid(9e04c561333236343ba8488bdd54912a) Importer(815301076,1909f56bfc062723c751e8b465ee728b)  -> (artifact id: '298d91be12e7153510265350281b0bf9') in 0.083481 seconds 
========================================================================
Received Prepare
Registering precompiled user dll's ...
Registered in 0.006649 seconds.
Begin MonoManager ReloadAssembly
Native extension for UWP target not found
Native extension for WindowsStandalone target not found
Native extension for Android target not found
Native extension for WebGL target not found
Refreshing native plugins compatible for Editor in 0.84 ms, found 2 plugins.
Preloading 0 native plugins for Editor in 0.00 ms.
Mono: successfully reloaded assembly
- Completed reload, in  1.330 seconds
Domain Reload Profiling:
	ReloadAssembly (1331ms)
		BeginReloadAssembly (187ms)
			ExecutionOrderSort (0ms)
			DisableScriptedObjects (7ms)
			BackupInstance (0ms)
			ReleaseScriptingObjects (0ms)
			CreateAndSetChildDomain (53ms)
		EndReloadAssembly (1008ms)
			LoadAssemblies (115ms)
			RebuildTransferFunctionScriptingTraits (0ms)
			SetupTypeCache (272ms)
			ReleaseScriptCaches (2ms)
			RebuildScriptCaches (76ms)
			SetupLoadedEditorAssemblies (475ms)
				LogAssemblyErrors (0ms)
				InitializePlatformSupportModulesInManaged (29ms)
				SetLoadedEditorAssemblies (0ms)
				RefreshPlugins (1ms)
				BeforeProcessingInitializeOnLoad (86ms)
				ProcessInitializeOnLoadAttributes (259ms)
				ProcessInitializeOnLoadMethodAttributes (87ms)
				AfterProcessingInitializeOnLoad (14ms)
				EditorAssembliesLoaded (0ms)
			ExecutionOrderSort2 (0ms)
			AwakeInstancesAfterBackupRestoration (13ms)
Platform modules already initialized, skipping
Refreshing native plugins compatible for Editor in 1.93 ms, found 2 plugins.
Preloading 0 native plugins for Editor in 0.00 ms.
Unloading 4099 Unused Serialized files (Serialized files now loaded: 0)
Unloading 29 unused Assets / (11.6 MB). Loaded Objects now: 4843.
Memory consumption went from 210.4 MB to 198.8 MB.
Total: 4.205600 ms (FindLiveObjects: 0.288300 ms CreateObjectMapping: 0.199900 ms MarkObjects: 3.149900 ms  DeleteObjects: 0.566500 ms)

AssetImportParameters requested are different than current active one (requested -> active):
  custom:video-decoder-ogg-theora: a1e56fd34408186e4bbccfd4996cb3dc -> 
  custom:container-muxer-webm: aa71ff27fc2769a1b78a27578f13a17b -> 
  custom:container-demuxer-webm: 4f35f7cbe854078d1ac9338744f61a02 -> 
  custom:video-encoder-webm-vp8: eb34c28f22e8b96e1ab97ce403110664 -> 
  custom:audio-encoder-webm-vorbis: bf7c407c2cedff20999df2af8eb42d56 -> 
  custom:framework-win-MediaFoundation: 216162199b28c13a410421893ffa2e32 -> 
  custom:container-demuxer-ogg: 62fdf1f143b41e24485cea50d1cbac27 -> 
  custom:video-decoder-webm-vp8: 9c59270c3fd7afecdb556c50c9e8de78 -> 
  custom:audio-decoder-ogg-vorbis: bf7c407c2cedff20999df2af8eb42d56 -> 
